<?xml version="1.0" encoding="UTF-8"?>
<!-- Generated by org.testng.reporters.JUnitReportReporter -->
<testsuite hostname="HLV-QYDY79V759" failures="0" tests="4" name="TestServerMock" time="6.277" errors="0" timestamp="2022-07-28T12:20:43 CEST" skipped="0">
  <testcase classname="TestServerMock" name="getMetadataProperty" time="0.282"/>
  <system-out/>
  <testcase classname="TestServerMock" name="getMetadataPropertyDeserialized" time="0.267"/>
  <system-out/>
  <testcase classname="TestServerMock" name="getMetadata" time="5.374"/>
  <system-out/>
  <testcase classname="TestServerMock" name="postQuery" time="0.354"/>
  <system-out/>
</testsuite> <!-- TestServerMock -->
