<?xml version="1.0" encoding="UTF-8"?>
<!-- Generated by org.testng.reporters.JUnitReportReporter -->
<testsuite hostname="HLV-QYDY79V759" failures="0" tests="3" name="ServiceTest" time="1.735" errors="0" timestamp="2022-07-25T18:08:47 CEST" skipped="0">
  <testcase classname="ServiceTest" name="testGETMetadata" time="1.074"/>
  <system-out/>
  <testcase classname="ServiceTest" name="testGETMetadataProperty" time="0.318"/>
  <system-out/>
  <testcase classname="ServiceTest" name="testPOSTQuery" time="0.343"/>
  <system-out/>
</testsuite> <!-- ServiceTest -->
